<?xml version="1.0" encoding="UTF-8"?>
<testng-results skipped="0" failed="0" ignored="0" total="1" passed="1">
  <reporter-output>
  </reporter-output>
  <suite name="Default suite" duration-ms="12998" started-at="2018-08-30T21:59:21Z" finished-at="2018-08-30T21:59:34Z">
    <groups>
    </groups>
    <test name="Default test" duration-ms="12998" started-at="2018-08-30T21:59:21Z" finished-at="2018-08-30T21:59:34Z">
      <class name="selenium.web.automation.Google_Search">
        <test-method status="PASS" signature="CheckSearchResult()[pri:0, instance:selenium.web.automation.Google_Search@13c27452]" name="CheckSearchResult" duration-ms="12983" started-at="2018-08-30T21:59:21Z" finished-at="2018-08-30T21:59:34Z">
          <reporter-output>
          </reporter-output>
        </test-method> <!-- CheckSearchResult -->
      </class> <!-- selenium.web.automation.Google_Search -->
    </test> <!-- Default test -->
  </suite> <!-- Default suite -->
</testng-results>
